2024-10-19 19:59:46.404 [info] [main] Log level: Info
2024-10-19 19:59:46.404 [info] [main] Validating found git in: "git"
2024-10-19 19:59:46.404 [info] [main] Using git "2.47.0" from "git"
2024-10-19 19:59:46.405 [info] [Model][doInitialScan] Initial repository scan started
2024-10-19 19:59:46.405 [info] > git rev-parse --show-toplevel [7ms]
2024-10-19 19:59:46.405 [info] > git rev-parse --git-dir --git-common-dir [1ms]
2024-10-19 19:59:46.405 [info] [Model][openRepository] Opened repository: /home/antonio/.config/nvim
2024-10-19 19:59:46.433 [info] > git config --get commit.template [10ms]
2024-10-19 19:59:46.436 [info] > git rev-parse --show-toplevel [5ms]
2024-10-19 19:59:46.436 [info] [Model][doInitialScan] Initial repository scan completed - repositories (1), closed repositories (0), parent repositories (0), unsafe repositories (0)
2024-10-19 19:59:46.475 [info] > git for-each-ref --format=%(refname)%00%(upstream:short)%00%(objectname)%00%(upstream:track)%00%(upstream:remotename)%00%(upstream:remoteref) refs/heads/main refs/remotes/main [32ms]
2024-10-19 19:59:46.500 [warning] [Git][revParse] Unable to read file: ENOENT: no such file or directory, open '/home/antonio/.config/nvim/.git/refs/remotes/origin/main'
2024-10-19 19:59:46.503 [info] > git rev-parse refs/remotes/origin/main [3ms]
2024-10-19 19:59:46.521 [info] > git status -z -uall [11ms]
2024-10-19 19:59:46.523 [info] > git for-each-ref --sort -committerdate --format %(refname) %(objectname) %(*objectname) [4ms]
2024-10-19 19:59:46.553 [info] > git for-each-ref --format=%(refname)%00%(upstream:short)%00%(objectname)%00%(upstream:track)%00%(upstream:remotename)%00%(upstream:remoteref) refs/heads/main refs/remotes/main [16ms]
2024-10-19 19:59:46.562 [info] > git config --get commit.template [16ms]
2024-10-19 19:59:46.566 [info] > git config --local branch.main.vscode-merge-base [6ms]
2024-10-19 19:59:46.566 [warning] [Git][config] git config failed: Failed to execute git
2024-10-19 19:59:46.627 [info] > git reflog main --grep-reflog=branch: Created from *. [54ms]
2024-10-19 19:59:46.639 [info] > git symbolic-ref --short refs/remotes/origin/HEAD [7ms]
2024-10-19 19:59:46.645 [info] > git for-each-ref --format=%(refname)%00%(upstream:short)%00%(objectname)%00%(upstream:track)%00%(upstream:remotename)%00%(upstream:remoteref) refs/heads/main refs/remotes/main [19ms]
2024-10-19 19:59:46.652 [warning] [Git][revParse] Unable to read file: ENOENT: no such file or directory, open '/home/antonio/.config/nvim/.git/refs/remotes/origin/main'
2024-10-19 19:59:46.654 [info] > git rev-parse refs/remotes/origin/main [2ms]
2024-10-19 19:59:46.668 [info] > git for-each-ref --format=%(refname)%00%(upstream:short)%00%(objectname)%00%(upstream:track)%00%(upstream:remotename)%00%(upstream:remoteref) refs/heads/origin/main refs/remotes/origin/main [23ms]
2024-10-19 19:59:46.695 [info] > git status -z -uall [35ms]
2024-10-19 19:59:46.695 [info] > git for-each-ref --sort -committerdate --format %(refname) %(objectname) %(*objectname) [28ms]
2024-10-19 19:59:46.709 [info] > git for-each-ref --format=%(refname)%00%(upstream:short)%00%(objectname)%00%(upstream:track)%00%(upstream:remotename)%00%(upstream:remoteref) refs/heads/main refs/remotes/main [4ms]
2024-10-19 19:59:46.715 [info] > git config --local branch.main.vscode-merge-base origin/main [41ms]
2024-10-19 19:59:46.727 [info] > git config --local branch.main.vscode-merge-base [12ms]
2024-10-19 19:59:46.735 [info] > git config --get commit.template [9ms]
2024-10-19 19:59:46.736 [info] > git for-each-ref --format=%(refname)%00%(upstream:short)%00%(objectname)%00%(upstream:track)%00%(upstream:remotename)%00%(upstream:remoteref) refs/heads/origin/main refs/remotes/origin/main [3ms]
2024-10-19 19:59:46.769 [info] > git merge-base refs/heads/main refs/remotes/origin/main [25ms]
2024-10-19 19:59:46.778 [info] > git diff --name-status -z --diff-filter=ADMR d0c602f5f155d4d1261609219e9b8a61e936d681...refs/remotes/origin/main [3ms]
2024-10-19 19:59:46.778 [info] > git for-each-ref --format=%(refname)%00%(upstream:short)%00%(objectname)%00%(upstream:track)%00%(upstream:remotename)%00%(upstream:remoteref) refs/heads/main refs/remotes/main [10ms]
2024-10-19 19:59:46.785 [warning] [Git][revParse] Unable to read file: ENOENT: no such file or directory, open '/home/antonio/.config/nvim/.git/refs/remotes/origin/main'
2024-10-19 19:59:46.787 [info] > git rev-parse refs/remotes/origin/main [2ms]
2024-10-19 19:59:46.801 [info] > git status -z -uall [9ms]
2024-10-19 19:59:46.802 [info] > git for-each-ref --sort -committerdate --format %(refname) %(objectname) %(*objectname) [4ms]
2024-10-19 19:59:46.996 [info] > git check-ignore -v -z --stdin [4ms]
2024-10-19 19:59:49.273 [info] > git check-ignore -v -z --stdin [2ms]
2024-10-19 19:59:50.795 [info] > git show --textconv :lua/chadrc.lua [9ms]
2024-10-19 19:59:50.797 [info] > git ls-files --stage -- /home/antonio/.config/nvim/lua/chadrc.lua [2ms]
2024-10-19 19:59:50.808 [info] > git cat-file -s c82dca1ffa350b6534930d3e9b74eb3dab67ef61 [3ms]
2024-10-19 19:59:55.716 [info] > git config --get commit.template [11ms]
2024-10-19 19:59:55.718 [info] > git for-each-ref --format=%(refname)%00%(upstream:short)%00%(objectname)%00%(upstream:track)%00%(upstream:remotename)%00%(upstream:remoteref) refs/heads/main refs/remotes/main [3ms]
2024-10-19 19:59:55.725 [warning] [Git][revParse] Unable to read file: ENOENT: no such file or directory, open '/home/antonio/.config/nvim/.git/refs/remotes/origin/main'
2024-10-19 19:59:55.727 [info] > git rev-parse refs/remotes/origin/main [2ms]
2024-10-19 19:59:55.744 [info] > git status -z -uall [8ms]
2024-10-19 19:59:55.746 [info] > git for-each-ref --sort -committerdate --format %(refname) %(objectname) %(*objectname) [3ms]
2024-10-19 20:01:12.638 [info] > git config --get commit.template [12ms]
2024-10-19 20:01:12.639 [info] > git for-each-ref --format=%(refname)%00%(upstream:short)%00%(objectname)%00%(upstream:track)%00%(upstream:remotename)%00%(upstream:remoteref) refs/heads/main refs/remotes/main [3ms]
2024-10-19 20:01:12.649 [warning] [Git][revParse] Unable to read file: ENOENT: no such file or directory, open '/home/antonio/.config/nvim/.git/refs/remotes/origin/main'
2024-10-19 20:01:12.651 [info] > git rev-parse refs/remotes/origin/main [2ms]
2024-10-19 20:01:12.670 [info] > git status -z -uall [10ms]
2024-10-19 20:01:12.672 [info] > git for-each-ref --sort -committerdate --format %(refname) %(objectname) %(*objectname) [2ms]
2024-10-19 20:01:53.109 [info] > git config --get commit.template [9ms]
2024-10-19 20:01:53.110 [info] > git for-each-ref --format=%(refname)%00%(upstream:short)%00%(objectname)%00%(upstream:track)%00%(upstream:remotename)%00%(upstream:remoteref) refs/heads/main refs/remotes/main [3ms]
2024-10-19 20:01:53.117 [warning] [Git][revParse] Unable to read file: ENOENT: no such file or directory, open '/home/antonio/.config/nvim/.git/refs/remotes/origin/main'
2024-10-19 20:01:53.119 [info] > git rev-parse refs/remotes/origin/main [2ms]
2024-10-19 20:01:53.133 [info] > git status -z -uall [8ms]
2024-10-19 20:01:53.134 [info] > git for-each-ref --sort -committerdate --format %(refname) %(objectname) %(*objectname) [2ms]
2024-10-19 20:01:58.178 [info] > git config --get commit.template [19ms]
2024-10-19 20:01:58.181 [info] > git for-each-ref --format=%(refname)%00%(upstream:short)%00%(objectname)%00%(upstream:track)%00%(upstream:remotename)%00%(upstream:remoteref) refs/heads/main refs/remotes/main [5ms]
2024-10-19 20:01:58.195 [warning] [Git][revParse] Unable to read file: ENOENT: no such file or directory, open '/home/antonio/.config/nvim/.git/refs/remotes/origin/main'
2024-10-19 20:01:58.198 [info] > git rev-parse refs/remotes/origin/main [3ms]
2024-10-19 20:01:58.222 [info] > git status -z -uall [14ms]
2024-10-19 20:01:58.223 [info] > git for-each-ref --sort -committerdate --format %(refname) %(objectname) %(*objectname) [3ms]
2024-10-19 20:03:19.084 [info] > git config --get commit.template [21ms]
2024-10-19 20:03:19.086 [info] > git for-each-ref --format=%(refname)%00%(upstream:short)%00%(objectname)%00%(upstream:track)%00%(upstream:remotename)%00%(upstream:remoteref) refs/heads/main refs/remotes/main [5ms]
2024-10-19 20:03:19.099 [warning] [Git][revParse] Unable to read file: ENOENT: no such file or directory, open '/home/antonio/.config/nvim/.git/refs/remotes/origin/main'
2024-10-19 20:03:19.101 [info] > git rev-parse refs/remotes/origin/main [2ms]
2024-10-19 20:03:19.122 [info] > git status -z -uall [11ms]
2024-10-19 20:03:19.123 [info] > git for-each-ref --sort -committerdate --format %(refname) %(objectname) %(*objectname) [2ms]
2024-10-19 20:03:38.317 [info] > git config --get commit.template [20ms]
2024-10-19 20:03:38.320 [info] > git for-each-ref --format=%(refname)%00%(upstream:short)%00%(objectname)%00%(upstream:track)%00%(upstream:remotename)%00%(upstream:remoteref) refs/heads/main refs/remotes/main [5ms]
2024-10-19 20:03:38.329 [warning] [Git][revParse] Unable to read file: ENOENT: no such file or directory, open '/home/antonio/.config/nvim/.git/refs/remotes/origin/main'
2024-10-19 20:03:38.331 [info] > git rev-parse refs/remotes/origin/main [2ms]
2024-10-19 20:03:38.347 [info] > git status -z -uall [9ms]
2024-10-19 20:03:38.349 [info] > git for-each-ref --sort -committerdate --format %(refname) %(objectname) %(*objectname) [3ms]
2024-10-19 20:04:58.819 [info] > git config --get commit.template [23ms]
2024-10-19 20:04:58.821 [info] > git for-each-ref --format=%(refname)%00%(upstream:short)%00%(objectname)%00%(upstream:track)%00%(upstream:remotename)%00%(upstream:remoteref) refs/heads/main refs/remotes/main [4ms]
2024-10-19 20:04:58.838 [warning] [Git][revParse] Unable to read file: ENOENT: no such file or directory, open '/home/antonio/.config/nvim/.git/refs/remotes/origin/main'
2024-10-19 20:04:58.842 [info] > git rev-parse refs/remotes/origin/main [4ms]
2024-10-19 20:04:58.876 [info] > git status -z -uall [17ms]
2024-10-19 20:04:58.877 [info] > git for-each-ref --sort -committerdate --format %(refname) %(objectname) %(*objectname) [3ms]
2024-10-19 20:05:42.241 [info] > git config --get commit.template [10ms]
2024-10-19 20:05:42.242 [info] > git for-each-ref --format=%(refname)%00%(upstream:short)%00%(objectname)%00%(upstream:track)%00%(upstream:remotename)%00%(upstream:remoteref) refs/heads/main refs/remotes/main [2ms]
2024-10-19 20:05:42.251 [warning] [Git][revParse] Unable to read file: ENOENT: no such file or directory, open '/home/antonio/.config/nvim/.git/refs/remotes/origin/main'
2024-10-19 20:05:42.252 [info] > git rev-parse refs/remotes/origin/main [2ms]
2024-10-19 20:05:42.270 [info] > git status -z -uall [11ms]
2024-10-19 20:05:42.271 [info] > git for-each-ref --sort -committerdate --format %(refname) %(objectname) %(*objectname) [3ms]
2024-10-19 20:05:47.289 [info] > git config --get commit.template [6ms]
2024-10-19 20:05:47.290 [info] > git for-each-ref --format=%(refname)%00%(upstream:short)%00%(objectname)%00%(upstream:track)%00%(upstream:remotename)%00%(upstream:remoteref) refs/heads/main refs/remotes/main [1ms]
2024-10-19 20:05:47.296 [warning] [Git][revParse] Unable to read file: ENOENT: no such file or directory, open '/home/antonio/.config/nvim/.git/refs/remotes/origin/main'
2024-10-19 20:05:47.298 [info] > git rev-parse refs/remotes/origin/main [2ms]
2024-10-19 20:05:47.311 [info] > git status -z -uall [8ms]
2024-10-19 20:05:47.312 [info] > git for-each-ref --sort -committerdate --format %(refname) %(objectname) %(*objectname) [2ms]
2024-10-19 20:05:57.757 [info] > git config --get commit.template [11ms]
2024-10-19 20:05:57.758 [info] > git for-each-ref --format=%(refname)%00%(upstream:short)%00%(objectname)%00%(upstream:track)%00%(upstream:remotename)%00%(upstream:remoteref) refs/heads/main refs/remotes/main [2ms]
2024-10-19 20:05:57.769 [warning] [Git][revParse] Unable to read file: ENOENT: no such file or directory, open '/home/antonio/.config/nvim/.git/refs/remotes/origin/main'
2024-10-19 20:05:57.770 [info] > git rev-parse refs/remotes/origin/main [1ms]
2024-10-19 20:05:57.788 [info] > git status -z -uall [11ms]
2024-10-19 20:05:57.789 [info] > git for-each-ref --sort -committerdate --format %(refname) %(objectname) %(*objectname) [3ms]
2024-10-19 20:06:09.738 [info] > git config --get commit.template [15ms]
2024-10-19 20:06:09.740 [info] > git for-each-ref --format=%(refname)%00%(upstream:short)%00%(objectname)%00%(upstream:track)%00%(upstream:remotename)%00%(upstream:remoteref) refs/heads/main refs/remotes/main [4ms]
2024-10-19 20:06:09.749 [warning] [Git][revParse] Unable to read file: ENOENT: no such file or directory, open '/home/antonio/.config/nvim/.git/refs/remotes/origin/main'
2024-10-19 20:06:09.750 [info] > git rev-parse refs/remotes/origin/main [1ms]
2024-10-19 20:06:09.768 [info] > git status -z -uall [10ms]
2024-10-19 20:06:09.770 [info] > git for-each-ref --sort -committerdate --format %(refname) %(objectname) %(*objectname) [2ms]
2024-10-19 20:06:19.163 [info] > git check-ignore -v -z --stdin [5ms]
2024-10-19 20:06:20.605 [info] > git show --textconv :lua/configs/lazy.lua [13ms]
2024-10-19 20:06:20.607 [info] > git ls-files --stage -- /home/antonio/.config/nvim/lua/configs/lazy.lua [3ms]
2024-10-19 20:06:20.619 [info] > git cat-file -s cd170bd39543219b44abde1acb8195394b6b48b5 [3ms]
2024-10-19 20:06:21.717 [info] > git show --textconv :lua/configs/conform.lua [11ms]
2024-10-19 20:06:21.719 [info] > git ls-files --stage -- /home/antonio/.config/nvim/lua/configs/conform.lua [2ms]
2024-10-19 20:06:21.730 [info] > git cat-file -s 35ba6cf7b027a5cd1a26048baf6af8877b4fd434 [3ms]
2024-10-19 20:06:30.346 [info] > git show --textconv :lua/configs/lazy.lua [22ms]
2024-10-19 20:06:30.349 [info] > git ls-files --stage -- /home/antonio/.config/nvim/lua/configs/lazy.lua [7ms]
2024-10-19 20:06:30.366 [info] > git cat-file -s cd170bd39543219b44abde1acb8195394b6b48b5 [3ms]
2024-10-19 20:06:42.125 [info] > git show --textconv :lua/configs/lspconfig.lua [10ms]
2024-10-19 20:06:42.127 [info] > git ls-files --stage -- /home/antonio/.config/nvim/lua/configs/lspconfig.lua [3ms]
2024-10-19 20:06:42.138 [info] > git cat-file -s 478df019f5d56a565b396fc96ee6a0ca499f8905 [2ms]
2024-10-19 20:06:43.294 [info] > git check-ignore -v -z --stdin [5ms]
2024-10-19 20:06:44.984 [info] > git show --textconv :lua/plugins/init.lua [19ms]
2024-10-19 20:06:44.986 [info] > git ls-files --stage -- /home/antonio/.config/nvim/lua/plugins/init.lua [3ms]
2024-10-19 20:06:45.001 [info] > git cat-file -s 6474776f36ae062e7fd0e63bbfa3326214bed157 [4ms]
2024-10-19 20:06:57.605 [info] > git config --get commit.template [9ms]
2024-10-19 20:06:57.605 [info] > git for-each-ref --format=%(refname)%00%(upstream:short)%00%(objectname)%00%(upstream:track)%00%(upstream:remotename)%00%(upstream:remoteref) refs/heads/main refs/remotes/main [2ms]
2024-10-19 20:06:57.613 [warning] [Git][revParse] Unable to read file: ENOENT: no such file or directory, open '/home/antonio/.config/nvim/.git/refs/remotes/origin/main'
2024-10-19 20:06:57.614 [info] > git rev-parse refs/remotes/origin/main [1ms]
2024-10-19 20:06:57.630 [info] > git status -z -uall [10ms]
2024-10-19 20:06:57.631 [info] > git for-each-ref --sort -committerdate --format %(refname) %(objectname) %(*objectname) [2ms]
2024-10-19 20:06:59.015 [info] > git show --textconv :lua/chadrc.lua [11ms]
2024-10-19 20:06:59.016 [info] > git ls-files --stage -- /home/antonio/.config/nvim/lua/chadrc.lua [3ms]
2024-10-19 20:06:59.026 [info] > git cat-file -s c82dca1ffa350b6534930d3e9b74eb3dab67ef61 [2ms]
2024-10-19 20:07:14.695 [info] > git config --get commit.template [8ms]
2024-10-19 20:07:14.696 [info] > git for-each-ref --format=%(refname)%00%(upstream:short)%00%(objectname)%00%(upstream:track)%00%(upstream:remotename)%00%(upstream:remoteref) refs/heads/main refs/remotes/main [2ms]
2024-10-19 20:07:14.703 [warning] [Git][revParse] Unable to read file: ENOENT: no such file or directory, open '/home/antonio/.config/nvim/.git/refs/remotes/origin/main'
2024-10-19 20:07:14.705 [info] > git rev-parse refs/remotes/origin/main [2ms]
2024-10-19 20:07:14.722 [info] > git status -z -uall [9ms]
2024-10-19 20:07:14.723 [info] > git for-each-ref --sort -committerdate --format %(refname) %(objectname) %(*objectname) [2ms]
2024-10-19 20:08:05.243 [info] > git check-ignore -v -z --stdin [4ms]
2024-10-19 20:08:14.529 [info] > git config --get commit.template [11ms]
2024-10-19 20:08:14.530 [info] > git for-each-ref --format=%(refname)%00%(upstream:short)%00%(objectname)%00%(upstream:track)%00%(upstream:remotename)%00%(upstream:remoteref) refs/heads/main refs/remotes/main [2ms]
2024-10-19 20:08:14.538 [warning] [Git][revParse] Unable to read file: ENOENT: no such file or directory, open '/home/antonio/.config/nvim/.git/refs/remotes/origin/main'
2024-10-19 20:08:14.540 [info] > git rev-parse refs/remotes/origin/main [2ms]
2024-10-19 20:08:14.556 [info] > git status -z -uall [9ms]
2024-10-19 20:08:14.557 [info] > git for-each-ref --sort -committerdate --format %(refname) %(objectname) %(*objectname) [2ms]
2024-10-19 20:08:19.591 [info] > git config --get commit.template [14ms]
2024-10-19 20:08:19.595 [info] > git for-each-ref --format=%(refname)%00%(upstream:short)%00%(objectname)%00%(upstream:track)%00%(upstream:remotename)%00%(upstream:remoteref) refs/heads/main refs/remotes/main [6ms]
2024-10-19 20:08:19.606 [warning] [Git][revParse] Unable to read file: ENOENT: no such file or directory, open '/home/antonio/.config/nvim/.git/refs/remotes/origin/main'
2024-10-19 20:08:19.608 [info] > git rev-parse refs/remotes/origin/main [2ms]
2024-10-19 20:08:19.623 [info] > git status -z -uall [8ms]
2024-10-19 20:08:19.625 [info] > git for-each-ref --sort -committerdate --format %(refname) %(objectname) %(*objectname) [2ms]
2024-10-19 20:21:11.013 [info] > git check-ignore -v -z --stdin [2ms]
2024-10-19 20:27:04.010 [info] > git config --get commit.template [17ms]
2024-10-19 20:27:04.012 [info] > git ls-files --stage -- /home/antonio/.config/nvim/lua/chadrc.lua [5ms]
2024-10-19 20:27:04.027 [info] > git for-each-ref --format=%(refname)%00%(upstream:short)%00%(objectname)%00%(upstream:track)%00%(upstream:remotename)%00%(upstream:remoteref) refs/heads/v3.0 refs/remotes/v3.0 [4ms]
2024-10-19 20:27:04.036 [warning] [Git][revParse] Unable to read file: ENOENT: no such file or directory, open '/home/antonio/.config/nvim/.git/refs/remotes/origin/v3.0'
2024-10-19 20:27:04.039 [info] > git rev-parse refs/remotes/origin/v3.0 [4ms]
2024-10-19 20:27:04.061 [info] > git status -z -uall [13ms]
2024-10-19 20:27:04.075 [info] > git show --textconv :lua/chadrc.lua [4ms]
2024-10-19 20:27:04.075 [info] > git for-each-ref --sort -committerdate --format %(refname) %(objectname) %(*objectname) [17ms]
2024-10-19 20:27:04.100 [info] > git for-each-ref --format=%(refname)%00%(upstream:short)%00%(objectname)%00%(upstream:track)%00%(upstream:remotename)%00%(upstream:remoteref) refs/heads/v3.0 refs/remotes/v3.0 [7ms]
2024-10-19 20:27:04.112 [info] > git config --local branch.v3.0.vscode-merge-base [2ms]
2024-10-19 20:27:04.112 [warning] [Git][config] git config failed: Failed to execute git
2024-10-19 20:27:04.126 [info] > git reflog v3.0 --grep-reflog=branch: Created from *. [3ms]
2024-10-19 20:27:04.135 [info] > git symbolic-ref --short refs/remotes/origin/HEAD [2ms]
2024-10-19 20:27:04.146 [info] > git for-each-ref --format=%(refname)%00%(upstream:short)%00%(objectname)%00%(upstream:track)%00%(upstream:remotename)%00%(upstream:remoteref) refs/heads/origin/v3.0 refs/remotes/origin/v3.0 [2ms]
2024-10-19 20:27:04.158 [info] > git config --local branch.v3.0.vscode-merge-base origin/v3.0 [3ms]
2024-10-19 20:27:04.188 [info] > git for-each-ref --format=%(refname)%00%(upstream:short)%00%(objectname)%00%(upstream:track)%00%(upstream:remotename)%00%(upstream:remoteref) refs/heads/v3.0 refs/remotes/v3.0 [12ms]
2024-10-19 20:27:04.189 [info] > git config --get commit.template [22ms]
2024-10-19 20:27:04.196 [warning] [Git][revParse] Unable to read file: ENOENT: no such file or directory, open '/home/antonio/.config/nvim/.git/refs/remotes/origin/v3.0'
2024-10-19 20:27:04.198 [info] > git rev-parse refs/remotes/origin/v3.0 [2ms]
2024-10-19 20:27:04.217 [info] > git status -z -uall [11ms]
2024-10-19 20:27:04.218 [info] > git for-each-ref --sort -committerdate --format %(refname) %(objectname) %(*objectname) [3ms]
2024-10-19 20:27:04.244 [info] > git merge-base refs/heads/v3.0 refs/remotes/origin/v3.0 [5ms]
2024-10-19 20:27:04.253 [info] > git for-each-ref --format=%(refname)%00%(upstream:short)%00%(objectname)%00%(upstream:track)%00%(upstream:remotename)%00%(upstream:remoteref) refs/heads/v3.0 refs/remotes/v3.0 [23ms]
2024-10-19 20:27:04.265 [info] > git diff --name-status -z --diff-filter=ADMR 3839b74f58602bec36db8150333c8b09966e42ed...refs/remotes/origin/v3.0 [13ms]
2024-10-19 20:27:04.267 [info] > git config --local branch.v3.0.vscode-merge-base [3ms]
2024-10-19 20:27:04.280 [info] > git for-each-ref --format=%(refname)%00%(upstream:short)%00%(objectname)%00%(upstream:track)%00%(upstream:remotename)%00%(upstream:remoteref) refs/heads/origin/v3.0 refs/remotes/origin/v3.0 [3ms]
2024-10-19 20:27:05.410 [info] > git ls-files --stage -- /home/antonio/.config/nvim/lua/chadrc.lua [2ms]
2024-10-19 20:27:05.430 [info] > git show --textconv :lua/chadrc.lua [2ms]
2024-10-19 20:27:09.108 [info] > git config --get commit.template [6ms]
2024-10-19 20:27:09.110 [info] > git for-each-ref --format=%(refname)%00%(upstream:short)%00%(objectname)%00%(upstream:track)%00%(upstream:remotename)%00%(upstream:remoteref) refs/heads/v3.0 refs/remotes/v3.0 [2ms]
2024-10-19 20:27:09.115 [warning] [Git][revParse] Unable to read file: ENOENT: no such file or directory, open '/home/antonio/.config/nvim/.git/refs/remotes/origin/v3.0'
2024-10-19 20:27:09.116 [info] > git rev-parse refs/remotes/origin/v3.0 [1ms]
2024-10-19 20:27:09.127 [info] > git status -z -uall [5ms]
2024-10-19 20:27:09.128 [info] > git for-each-ref --sort -committerdate --format %(refname) %(objectname) %(*objectname) [2ms]
2024-10-19 20:27:09.473 [info] > git show --textconv :lua/nvconfig.lua [11ms]
2024-10-19 20:27:09.474 [info] > git ls-files --stage -- /home/antonio/.config/nvim/lua/nvconfig.lua [4ms]
2024-10-19 20:27:09.482 [info] > git cat-file -s 5cc55584cb19249b1f27c01f3bd5fd63860d2380 [2ms]
2024-10-19 20:27:42.812 [info] > git config --get commit.template [10ms]
2024-10-19 20:27:42.814 [info] > git for-each-ref --format=%(refname)%00%(upstream:short)%00%(objectname)%00%(upstream:track)%00%(upstream:remotename)%00%(upstream:remoteref) refs/heads/v3.0 refs/remotes/v3.0 [3ms]
2024-10-19 20:27:42.821 [warning] [Git][revParse] Unable to read file: ENOENT: no such file or directory, open '/home/antonio/.config/nvim/.git/refs/remotes/origin/v3.0'
2024-10-19 20:27:42.823 [info] > git rev-parse refs/remotes/origin/v3.0 [2ms]
2024-10-19 20:27:42.841 [info] > git status -z -uall [9ms]
2024-10-19 20:27:42.842 [info] > git for-each-ref --sort -committerdate --format %(refname) %(objectname) %(*objectname) [3ms]
2024-10-19 20:28:07.618 [info] > git config --get commit.template [10ms]
2024-10-19 20:28:07.621 [info] > git for-each-ref --format=%(refname)%00%(upstream:short)%00%(objectname)%00%(upstream:track)%00%(upstream:remotename)%00%(upstream:remoteref) refs/heads/v3.0 refs/remotes/v3.0 [4ms]
2024-10-19 20:28:07.628 [warning] [Git][revParse] Unable to read file: ENOENT: no such file or directory, open '/home/antonio/.config/nvim/.git/refs/remotes/origin/v3.0'
2024-10-19 20:28:07.630 [info] > git rev-parse refs/remotes/origin/v3.0 [2ms]
2024-10-19 20:28:07.647 [info] > git status -z -uall [8ms]
2024-10-19 20:28:07.650 [info] > git for-each-ref --sort -committerdate --format %(refname) %(objectname) %(*objectname) [4ms]
2024-10-19 20:28:15.969 [info] > git show --textconv :lua/chadrc.lua [11ms]
2024-10-19 20:28:15.971 [info] > git ls-files --stage -- /home/antonio/.config/nvim/lua/chadrc.lua [3ms]
2024-10-19 20:28:31.802 [info] > git config --get commit.template [9ms]
2024-10-19 20:28:31.804 [info] > git for-each-ref --format=%(refname)%00%(upstream:short)%00%(objectname)%00%(upstream:track)%00%(upstream:remotename)%00%(upstream:remoteref) refs/heads/v3.0 refs/remotes/v3.0 [2ms]
2024-10-19 20:28:31.812 [warning] [Git][revParse] Unable to read file: ENOENT: no such file or directory, open '/home/antonio/.config/nvim/.git/refs/remotes/origin/v3.0'
2024-10-19 20:28:31.814 [info] > git rev-parse refs/remotes/origin/v3.0 [2ms]
2024-10-19 20:28:31.830 [info] > git status -z -uall [9ms]
2024-10-19 20:28:31.832 [info] > git for-each-ref --sort -committerdate --format %(refname) %(objectname) %(*objectname) [3ms]
2024-10-19 20:28:34.554 [info] > git show --textconv :lua/nvconfig.lua [9ms]
2024-10-19 20:28:34.556 [info] > git ls-files --stage -- /home/antonio/.config/nvim/lua/nvconfig.lua [3ms]
2024-10-19 20:28:34.564 [info] > git cat-file -s 5cc55584cb19249b1f27c01f3bd5fd63860d2380 [2ms]
2024-10-19 20:28:36.852 [info] > git config --get commit.template [7ms]
2024-10-19 20:28:36.853 [info] > git for-each-ref --format=%(refname)%00%(upstream:short)%00%(objectname)%00%(upstream:track)%00%(upstream:remotename)%00%(upstream:remoteref) refs/heads/v3.0 refs/remotes/v3.0 [2ms]
2024-10-19 20:28:36.860 [warning] [Git][revParse] Unable to read file: ENOENT: no such file or directory, open '/home/antonio/.config/nvim/.git/refs/remotes/origin/v3.0'
2024-10-19 20:28:36.861 [info] > git rev-parse refs/remotes/origin/v3.0 [1ms]
2024-10-19 20:28:36.876 [info] > git status -z -uall [8ms]
2024-10-19 20:28:36.878 [info] > git for-each-ref --sort -committerdate --format %(refname) %(objectname) %(*objectname) [3ms]
2024-10-19 20:29:36.607 [info] > git config --get commit.template [9ms]
2024-10-19 20:29:36.608 [info] > git for-each-ref --format=%(refname)%00%(upstream:short)%00%(objectname)%00%(upstream:track)%00%(upstream:remotename)%00%(upstream:remoteref) refs/heads/v3.0 refs/remotes/v3.0 [3ms]
2024-10-19 20:29:36.618 [warning] [Git][revParse] Unable to read file: ENOENT: no such file or directory, open '/home/antonio/.config/nvim/.git/refs/remotes/origin/v3.0'
2024-10-19 20:29:36.621 [info] > git rev-parse refs/remotes/origin/v3.0 [3ms]
2024-10-19 20:29:36.640 [info] > git status -z -uall [11ms]
2024-10-19 20:29:36.642 [info] > git for-each-ref --sort -committerdate --format %(refname) %(objectname) %(*objectname) [3ms]
2024-10-19 20:29:49.410 [info] > git config --get commit.template [21ms]
2024-10-19 20:29:49.419 [info] > git for-each-ref --format=%(refname)%00%(upstream:short)%00%(objectname)%00%(upstream:track)%00%(upstream:remotename)%00%(upstream:remoteref) refs/heads/v3.0 refs/remotes/v3.0 [11ms]
2024-10-19 20:29:49.428 [warning] [Git][revParse] Unable to read file: ENOENT: no such file or directory, open '/home/antonio/.config/nvim/.git/refs/remotes/origin/v3.0'
2024-10-19 20:29:49.431 [info] > git rev-parse refs/remotes/origin/v3.0 [3ms]
2024-10-19 20:29:49.448 [info] > git status -z -uall [10ms]
2024-10-19 20:29:49.450 [info] > git for-each-ref --sort -committerdate --format %(refname) %(objectname) %(*objectname) [3ms]
2024-10-19 20:30:14.781 [info] > git config --get commit.template [12ms]
2024-10-19 20:30:14.782 [info] > git for-each-ref --format=%(refname)%00%(upstream:short)%00%(objectname)%00%(upstream:track)%00%(upstream:remotename)%00%(upstream:remoteref) refs/heads/v3.0 refs/remotes/v3.0 [2ms]
2024-10-19 20:30:14.792 [warning] [Git][revParse] Unable to read file: ENOENT: no such file or directory, open '/home/antonio/.config/nvim/.git/refs/remotes/origin/v3.0'
2024-10-19 20:30:14.793 [info] > git rev-parse refs/remotes/origin/v3.0 [2ms]
2024-10-19 20:30:14.813 [info] > git status -z -uall [11ms]
2024-10-19 20:30:14.815 [info] > git for-each-ref --sort -committerdate --format %(refname) %(objectname) %(*objectname) [2ms]
2024-10-19 20:34:43.461 [info] > git config --get commit.template [11ms]
2024-10-19 20:34:43.463 [info] > git for-each-ref --format=%(refname)%00%(upstream:short)%00%(objectname)%00%(upstream:track)%00%(upstream:remotename)%00%(upstream:remoteref) refs/heads/v3.0 refs/remotes/v3.0 [3ms]
2024-10-19 20:34:43.472 [warning] [Git][revParse] Unable to read file: ENOENT: no such file or directory, open '/home/antonio/.config/nvim/.git/refs/remotes/origin/v3.0'
2024-10-19 20:34:43.474 [info] > git rev-parse refs/remotes/origin/v3.0 [2ms]
2024-10-19 20:34:43.498 [info] > git status -z -uall [14ms]
2024-10-19 20:34:43.501 [info] > git for-each-ref --sort -committerdate --format %(refname) %(objectname) %(*objectname) [4ms]
2024-10-19 20:37:08.300 [info] > git show --textconv :lua/nvconfig.lua [12ms]
2024-10-19 20:37:08.303 [info] > git ls-files --stage -- /home/antonio/.config/nvim/lua/nvconfig.lua [4ms]
2024-10-19 20:37:08.316 [info] > git cat-file -s 5cc55584cb19249b1f27c01f3bd5fd63860d2380 [4ms]
2024-10-19 20:39:09.049 [info] > git show --textconv :lua/plugins/init.lua [18ms]
2024-10-19 20:39:09.053 [info] > git ls-files --stage -- /home/antonio/.config/nvim/lua/plugins/init.lua [6ms]
2024-10-19 20:40:25.456 [info] > git show --textconv :lua/chadrc.lua [9ms]
2024-10-19 20:40:25.457 [info] > git ls-files --stage -- /home/antonio/.config/nvim/lua/chadrc.lua [2ms]
2024-10-19 20:40:29.680 [info] > git show --textconv :lua/nvconfig.lua [8ms]
2024-10-19 20:40:29.682 [info] > git ls-files --stage -- /home/antonio/.config/nvim/lua/nvconfig.lua [3ms]
2024-10-19 20:40:29.690 [info] > git cat-file -s 5cc55584cb19249b1f27c01f3bd5fd63860d2380 [2ms]
2024-10-19 20:45:50.126 [info] > git config --get commit.template [10ms]
2024-10-19 20:45:50.128 [info] > git for-each-ref --format=%(refname)%00%(upstream:short)%00%(objectname)%00%(upstream:track)%00%(upstream:remotename)%00%(upstream:remoteref) refs/heads/v3.0 refs/remotes/v3.0 [4ms]
2024-10-19 20:45:50.135 [warning] [Git][revParse] Unable to read file: ENOENT: no such file or directory, open '/home/antonio/.config/nvim/.git/refs/remotes/origin/v3.0'
2024-10-19 20:45:50.136 [info] > git rev-parse refs/remotes/origin/v3.0 [1ms]
2024-10-19 20:45:50.151 [info] > git status -z -uall [7ms]
2024-10-19 20:45:50.154 [info] > git for-each-ref --sort -committerdate --format %(refname) %(objectname) %(*objectname) [4ms]
2024-10-19 20:45:55.174 [info] > git config --get commit.template [6ms]
2024-10-19 20:45:55.175 [info] > git for-each-ref --format=%(refname)%00%(upstream:short)%00%(objectname)%00%(upstream:track)%00%(upstream:remotename)%00%(upstream:remoteref) refs/heads/v3.0 refs/remotes/v3.0 [2ms]
2024-10-19 20:45:55.182 [warning] [Git][revParse] Unable to read file: ENOENT: no such file or directory, open '/home/antonio/.config/nvim/.git/refs/remotes/origin/v3.0'
2024-10-19 20:45:55.183 [info] > git rev-parse refs/remotes/origin/v3.0 [2ms]
2024-10-19 20:45:55.199 [info] > git status -z -uall [10ms]
2024-10-19 20:45:55.200 [info] > git for-each-ref --sort -committerdate --format %(refname) %(objectname) %(*objectname) [2ms]
2024-10-19 20:45:55.985 [info] > git check-ignore -v -z --stdin [4ms]
2024-10-19 20:45:58.096 [info] > git show --textconv :lua/mappings.lua [19ms]
2024-10-19 20:45:58.099 [info] > git ls-files --stage -- /home/antonio/.config/nvim/lua/mappings.lua [4ms]
2024-10-19 20:49:27.915 [info] > git config --get commit.template [1ms]
2024-10-19 20:49:27.924 [info] > git for-each-ref --format=%(refname)%00%(upstream:short)%00%(objectname)%00%(upstream:track)%00%(upstream:remotename)%00%(upstream:remoteref) refs/heads/v3.0 refs/remotes/v3.0 [2ms]
2024-10-19 20:49:27.933 [warning] [Git][revParse] Unable to read file: ENOENT: no such file or directory, open '/home/antonio/.config/nvim/.git/refs/remotes/origin/v3.0'
2024-10-19 20:49:27.935 [info] > git rev-parse refs/remotes/origin/v3.0 [3ms]
2024-10-19 20:49:27.969 [info] > git status -z -uall [24ms]
2024-10-19 20:49:27.971 [info] > git for-each-ref --sort -committerdate --format %(refname) %(objectname) %(*objectname) [3ms]
