2024-10-19 19:59:38.828 [info] Added views:outline in workbench.view.explorer
2024-10-19 19:59:38.829 [info] Added views:workbench.view.search in workbench.view.search
2024-10-19 19:59:38.829 [info] Added views:workbench.scm in workbench.view.scm
2024-10-19 19:59:38.829 [info] Added views:workbench.panel.markers.view in workbench.panel.markers
2024-10-19 19:59:38.829 [info] Added views:workbench.panel.output in workbench.panel.output
2024-10-19 19:59:38.829 [info] Added views:terminal in terminal
2024-10-19 19:59:38.829 [info] Added views:timeline in workbench.view.explorer
2024-10-19 19:59:38.829 [info] Added views:workbench.explorer.fileView in workbench.view.explorer
2024-10-19 19:59:39.987 [info] Added views:workbench.debug.variablesView,workbench.debug.watchExpressionsView,workbench.debug.callStackView,workbench.debug.breakPointsView in workbench.view.debug
2024-10-19 19:59:40.049 [info] Added views:workbench.panel.repl.view in workbench.panel.repl
2024-10-19 19:59:40.050 [info] Removed views:workbench.debug.breakPointsView,workbench.debug.callStackView,workbench.debug.watchExpressionsView,workbench.debug.variablesView from workbench.view.debug
2024-10-19 19:59:40.051 [info] Added views:workbench.debug.welcome in workbench.view.debug
2024-10-19 19:59:43.700 [info] Added views:~remote.forwardedPorts in ~remote.forwardedPortsContainer
2024-10-19 19:59:46.394 [info] Added views:workbench.scm.history in workbench.view.scm
2024-10-19 20:39:38.332 [info] Added views:workbench.views.extensions.installed,workbench.views.extensions.popular,extensions.recommendedList in workbench.view.extensions
2024-10-19 20:39:38.333 [info] Removed views:workbench.views.extensions.popular from workbench.view.extensions
2024-10-19 20:39:38.500 [info] Added views:workbench.views.extensions.popular in workbench.view.extensions
2024-10-19 20:39:43.425 [info] Removed views:extensions.recommendedList,workbench.views.extensions.popular,workbench.views.extensions.installed from workbench.view.extensions
2024-10-19 20:39:43.440 [info] Added views:workbench.views.extensions.marketplace in workbench.view.extensions
2024-10-19 21:00:20.596 [info] Removed views:workbench.scm.history from workbench.view.scm
