2024-10-20 13:10:12.300 [info] [main] Log level: Info
2024-10-20 13:10:12.300 [info] [main] Validating found git in: "git"
2024-10-20 13:10:12.300 [info] [main] Using git "2.47.0" from "git"
2024-10-20 13:10:12.300 [info] [Model][doInitialScan] Initial repository scan started
2024-10-20 13:10:12.300 [info] > git rev-parse --show-toplevel [20ms]
2024-10-20 13:10:12.300 [info] > git rev-parse --git-dir --git-common-dir [18ms]
2024-10-20 13:10:12.300 [info] [Model][openRepository] Opened repository: /home/antonio/.config/nvim
2024-10-20 13:10:12.305 [info] > git rev-parse --show-toplevel [12ms]
2024-10-20 13:10:12.307 [info] > git config --get commit.template [21ms]
2024-10-20 13:10:12.327 [info] > git rev-parse --show-toplevel [11ms]
2024-10-20 13:10:12.337 [info] > git for-each-ref --format=%(refname)%00%(upstream:short)%00%(objectname)%00%(upstream:track)%00%(upstream:remotename)%00%(upstream:remoteref) refs/heads/v3.0 refs/remotes/v3.0 [12ms]
2024-10-20 13:10:12.344 [warning] [Git][revParse] Unable to read file: ENOENT: no such file or directory, open '/home/antonio/.config/nvim/.git/refs/remotes/origin/v3.0'
2024-10-20 13:10:12.345 [info] > git rev-parse --show-toplevel [9ms]
2024-10-20 13:10:12.356 [info] > git rev-parse refs/remotes/origin/v3.0 [13ms]
2024-10-20 13:10:12.388 [info] > git status -z -uall [24ms]
2024-10-20 13:10:12.388 [info] > git for-each-ref --sort -committerdate --format %(refname) %(objectname) %(*objectname) [12ms]
2024-10-20 13:10:12.415 [info] > git rev-parse --show-toplevel [61ms]
2024-10-20 13:10:12.434 [info] > git for-each-ref --format=%(refname)%00%(upstream:short)%00%(objectname)%00%(upstream:track)%00%(upstream:remotename)%00%(upstream:remoteref) refs/heads/v3.0 refs/remotes/v3.0 [25ms]
2024-10-20 13:10:12.447 [info] > git config --local branch.v3.0.vscode-merge-base [3ms]
2024-10-20 13:10:12.459 [info] > git rev-parse --show-toplevel [27ms]
2024-10-20 13:10:12.460 [info] > git config --get commit.template [34ms]
2024-10-20 13:10:12.479 [info] > git for-each-ref --format=%(refname)%00%(upstream:short)%00%(objectname)%00%(upstream:track)%00%(upstream:remotename)%00%(upstream:remoteref) refs/heads/origin/v3.0 refs/remotes/origin/v3.0 [20ms]
2024-10-20 13:10:12.675 [info] > git merge-base refs/heads/v3.0 refs/remotes/origin/v3.0 [183ms]
2024-10-20 13:10:12.685 [info] > git rev-parse --show-toplevel [207ms]
2024-10-20 13:10:12.687 [info] [Model][doInitialScan] Initial repository scan completed - repositories (1), closed repositories (0), parent repositories (0), unsafe repositories (0)
2024-10-20 13:10:12.703 [info] > git diff --name-status -z --diff-filter=ADMR 3839b74f58602bec36db8150333c8b09966e42ed...refs/remotes/origin/v3.0 [18ms]
2024-10-20 13:10:12.705 [info] > git for-each-ref --format=%(refname)%00%(upstream:short)%00%(objectname)%00%(upstream:track)%00%(upstream:remotename)%00%(upstream:remoteref) refs/heads/v3.0 refs/remotes/v3.0 [40ms]
2024-10-20 13:10:12.713 [warning] [Git][revParse] Unable to read file: ENOENT: no such file or directory, open '/home/antonio/.config/nvim/.git/refs/remotes/origin/v3.0'
2024-10-20 13:10:12.716 [info] > git rev-parse refs/remotes/origin/v3.0 [3ms]
2024-10-20 13:10:12.736 [info] > git status -z -uall [13ms]
2024-10-20 13:10:12.738 [info] > git for-each-ref --sort -committerdate --format %(refname) %(objectname) %(*objectname) [3ms]
2024-10-20 13:10:12.843 [info] > git show --textconv :lua/nvconfig.lua [13ms]
2024-10-20 13:10:12.864 [info] > git ls-files --stage -- /home/antonio/.config/nvim/lua/nvconfig.lua [22ms]
2024-10-20 13:10:12.877 [info] > git cat-file -s 5cc55584cb19249b1f27c01f3bd5fd63860d2380 [3ms]
2024-10-20 13:10:12.899 [info] > git check-ignore -v -z --stdin [5ms]
2024-10-20 13:10:28.956 [info] > git config --get commit.template [11ms]
2024-10-20 13:10:28.958 [info] > git for-each-ref --format=%(refname)%00%(upstream:short)%00%(objectname)%00%(upstream:track)%00%(upstream:remotename)%00%(upstream:remoteref) refs/heads/v3.0 refs/remotes/v3.0 [4ms]
2024-10-20 13:10:28.965 [warning] [Git][revParse] Unable to read file: ENOENT: no such file or directory, open '/home/antonio/.config/nvim/.git/refs/remotes/origin/v3.0'
2024-10-20 13:10:28.966 [info] > git rev-parse refs/remotes/origin/v3.0 [1ms]
2024-10-20 13:10:28.980 [info] > git status -z -uall [8ms]
2024-10-20 13:10:28.984 [info] > git for-each-ref --sort -committerdate --format %(refname) %(objectname) %(*objectname) [5ms]
2024-10-20 13:10:29.959 [info] > git show --textconv :lua/mappings.lua [10ms]
2024-10-20 13:10:29.961 [info] > git ls-files --stage -- /home/antonio/.config/nvim/lua/mappings.lua [4ms]
2024-10-20 13:10:31.026 [info] > git show --textconv :lua/chadrc.lua [7ms]
2024-10-20 13:10:31.027 [info] > git ls-files --stage -- /home/antonio/.config/nvim/lua/chadrc.lua [2ms]
2024-10-20 13:10:34.994 [info] > git show --textconv :lua/mappings.lua [13ms]
2024-10-20 13:10:34.996 [info] > git ls-files --stage -- /home/antonio/.config/nvim/lua/mappings.lua [3ms]
2024-10-20 13:10:36.228 [info] > git show --textconv :lua/nvconfig.lua [8ms]
2024-10-20 13:10:36.232 [info] > git ls-files --stage -- /home/antonio/.config/nvim/lua/nvconfig.lua [5ms]
2024-10-20 13:10:36.242 [info] > git cat-file -s 5cc55584cb19249b1f27c01f3bd5fd63860d2380 [3ms]
2024-10-20 13:10:37.616 [info] > git show --textconv :lua/options.lua [12ms]
2024-10-20 13:10:37.618 [info] > git ls-files --stage -- /home/antonio/.config/nvim/lua/options.lua [3ms]
2024-10-20 13:10:45.359 [info] > git check-ignore -v -z --stdin [14ms]
2024-10-20 13:10:47.337 [info] > git show --textconv :nvchad_types/all_hl_groups.lua [43ms]
2024-10-20 13:10:47.346 [info] > git ls-files --stage -- /home/antonio/.config/nvim/nvchad_types/all_hl_groups.lua [10ms]
2024-10-20 13:10:47.381 [info] > git cat-file -s c42f15cd39774c07e4e2eee507cc07371f2bd2cc [9ms]
2024-10-20 13:10:48.630 [info] > git show --textconv :nvchad_types/plugins.lua [38ms]
2024-10-20 13:10:48.637 [info] > git ls-files --stage -- /home/antonio/.config/nvim/nvchad_types/plugins.lua [11ms]
2024-10-20 13:10:48.671 [info] > git cat-file -s b65800ac867593cac0c646f535954a3473f4872a [6ms]
2024-10-20 13:10:53.588 [info] > git show --textconv :nvchad_types/themes.lua [39ms]
2024-10-20 13:10:53.600 [info] > git ls-files --stage -- /home/antonio/.config/nvim/nvchad_types/themes.lua [16ms]
2024-10-20 13:10:53.661 [info] > git cat-file -s 91fc95f48be00177f8ceeb555300e476823399c7 [14ms]
2024-10-20 13:10:55.298 [info] > git check-ignore -v -z --stdin [3ms]
2024-10-20 13:10:56.950 [info] > git show --textconv :scripts/update-nvchad-types.lua [22ms]
2024-10-20 13:10:56.950 [info] > git ls-files --stage -- /home/antonio/.config/nvim/scripts/update-nvchad-types.lua [5ms]
2024-10-20 13:10:56.965 [info] > git cat-file -s 47eebbf5b4a7f3de1b1f74aab5e484689cb88a19 [4ms]
2024-10-20 13:10:59.754 [info] > git show --textconv :nvchad_types/themes.lua [23ms]
2024-10-20 13:10:59.755 [info] > git ls-files --stage -- /home/antonio/.config/nvim/nvchad_types/themes.lua [4ms]
2024-10-20 13:10:59.772 [info] > git cat-file -s 91fc95f48be00177f8ceeb555300e476823399c7 [5ms]
2024-10-20 13:11:09.531 [info] > git show --textconv :lua/plugins/init.lua [30ms]
2024-10-20 13:11:09.537 [info] > git ls-files --stage -- /home/antonio/.config/nvim/lua/plugins/init.lua [11ms]
2024-10-20 13:12:03.027 [info] > git config --get commit.template [23ms]
2024-10-20 13:12:03.034 [info] > git for-each-ref --format=%(refname)%00%(upstream:short)%00%(objectname)%00%(upstream:track)%00%(upstream:remotename)%00%(upstream:remoteref) refs/heads/v3.0 refs/remotes/v3.0 [9ms]
2024-10-20 13:12:03.048 [warning] [Git][revParse] Unable to read file: ENOENT: no such file or directory, open '/home/antonio/.config/nvim/.git/refs/remotes/origin/v3.0'
2024-10-20 13:12:03.051 [info] > git rev-parse refs/remotes/origin/v3.0 [3ms]
2024-10-20 13:12:03.090 [info] > git status -z -uall [27ms]
2024-10-20 13:12:03.093 [info] > git for-each-ref --sort -committerdate --format %(refname) %(objectname) %(*objectname) [8ms]
2024-10-20 13:12:08.131 [info] > git config --get commit.template [4ms]
2024-10-20 13:12:08.154 [info] > git for-each-ref --format=%(refname)%00%(upstream:short)%00%(objectname)%00%(upstream:track)%00%(upstream:remotename)%00%(upstream:remoteref) refs/heads/v3.0 refs/remotes/v3.0 [8ms]
2024-10-20 13:12:08.168 [warning] [Git][revParse] Unable to read file: ENOENT: no such file or directory, open '/home/antonio/.config/nvim/.git/refs/remotes/origin/v3.0'
2024-10-20 13:12:08.170 [info] > git rev-parse refs/remotes/origin/v3.0 [2ms]
2024-10-20 13:12:08.207 [info] > git status -z -uall [24ms]
2024-10-20 13:12:08.212 [info] > git for-each-ref --sort -committerdate --format %(refname) %(objectname) %(*objectname) [7ms]
2024-10-20 13:12:18.168 [info] > git config --get commit.template [7ms]
2024-10-20 13:12:18.194 [info] > git for-each-ref --format=%(refname)%00%(upstream:short)%00%(objectname)%00%(upstream:track)%00%(upstream:remotename)%00%(upstream:remoteref) refs/heads/v3.0 refs/remotes/v3.0 [3ms]
2024-10-20 13:12:18.211 [warning] [Git][revParse] Unable to read file: ENOENT: no such file or directory, open '/home/antonio/.config/nvim/.git/refs/remotes/origin/v3.0'
2024-10-20 13:12:18.216 [info] > git rev-parse refs/remotes/origin/v3.0 [4ms]
2024-10-20 13:12:18.265 [info] > git status -z -uall [25ms]
2024-10-20 13:12:18.270 [info] > git for-each-ref --sort -committerdate --format %(refname) %(objectname) %(*objectname) [9ms]
2024-10-20 13:12:23.327 [info] > git config --get commit.template [8ms]
2024-10-20 13:12:23.349 [info] > git for-each-ref --format=%(refname)%00%(upstream:short)%00%(objectname)%00%(upstream:track)%00%(upstream:remotename)%00%(upstream:remoteref) refs/heads/v3.0 refs/remotes/v3.0 [7ms]
2024-10-20 13:12:23.368 [warning] [Git][revParse] Unable to read file: ENOENT: no such file or directory, open '/home/antonio/.config/nvim/.git/refs/remotes/origin/v3.0'
2024-10-20 13:12:23.376 [info] > git rev-parse refs/remotes/origin/v3.0 [8ms]
2024-10-20 13:12:23.424 [info] > git for-each-ref --sort -committerdate --format %(refname) %(objectname) %(*objectname) [4ms]
2024-10-20 13:12:23.429 [info] > git status -z -uall [31ms]
2024-10-20 13:12:44.698 [info] > git config --get commit.template [8ms]
2024-10-20 13:12:44.718 [info] > git for-each-ref --format=%(refname)%00%(upstream:short)%00%(objectname)%00%(upstream:track)%00%(upstream:remotename)%00%(upstream:remoteref) refs/heads/v3.0 refs/remotes/v3.0 [5ms]
2024-10-20 13:12:44.737 [warning] [Git][revParse] Unable to read file: ENOENT: no such file or directory, open '/home/antonio/.config/nvim/.git/refs/remotes/origin/v3.0'
2024-10-20 13:12:44.739 [info] > git rev-parse refs/remotes/origin/v3.0 [2ms]
2024-10-20 13:12:44.779 [info] > git status -z -uall [23ms]
2024-10-20 13:12:44.785 [info] > git for-each-ref --sort -committerdate --format %(refname) %(objectname) %(*objectname) [7ms]
